<?xml version="1.0" encoding="utf-8" standalone="no"?>
<!--This file represents the results of running a test suite-->
<test-results name="C:\Users\shubh\Documents\Visual Studio 2015\Projects\CircleRadius\CircleRadiusTests\bin\Debug\CircleRadiusTests.exe" total="6" errors="0" failures="0" not-run="0" inconclusive="0" ignored="0" skipped="0" invalid="0" date="2017-05-25" time="02:03:56">
  <environment nunit-version="2.6.4.14350" clr-version="2.0.50727.8745" os-version="Microsoft Windows NT 6.2.9200.0" platform="Win32NT" cwd="C:\Program Files (x86)\NUnit 2.6.4\bin" machine-name="LAPTOP-4MVH3MJ8" user="Shubham" user-domain="LAPTOP-4MVH3MJ8" />
  <culture-info current-culture="en-CA" current-uiculture="en-US" />
  <test-suite type="Assembly" name="C:\Users\shubh\Documents\Visual Studio 2015\Projects\CircleRadius\CircleRadiusTests\bin\Debug\CircleRadiusTests.exe" executed="True" result="Success" success="True" time="0.083" asserts="0">
    <results>
      <test-suite type="Namespace" name="CircleRadiusTests" executed="True" result="Success" success="True" time="0.074" asserts="0">
        <results>
          <test-suite type="TestFixture" name="CircleTests" executed="True" result="Success" success="True" time="0.072" asserts="0">
            <results>
              <test-case name="CircleRadiusTests.CircleTests.AddNegativeValueToRadius" executed="True" result="Success" success="True" time="0.040" asserts="1" />
              <test-case name="CircleRadiusTests.CircleTests.AddToRadius" executed="True" result="Success" success="True" time="0.000" asserts="1" />
              <test-case name="CircleRadiusTests.CircleTests.CreateCircleWithRadius" executed="True" result="Success" success="True" time="0.000" asserts="1" />
              <test-case name="CircleRadiusTests.CircleTests.GetCircumference" executed="True" result="Success" success="True" time="0.000" asserts="1" />
              <test-case name="CircleRadiusTests.CircleTests.SubtractFromRadius" executed="True" result="Success" success="True" time="0.000" asserts="1" />
              <test-case name="CircleRadiusTests.CircleTests.SubtractFromRadiusConstraintCheck" executed="True" result="Success" success="True" time="0.000" asserts="1" />
            </results>
          </test-suite>
        </results>
      </test-suite>
    </results>
  </test-suite>
</test-results>